<?xml version="1.0" encoding="UTF-8"?>
<!-- Generated by org.testng.reporters.JUnitXMLReporter -->
<testsuite ignored="0" hostname="Feroz" failures="0" tests="9" name="Default test" time="7.178" errors="0" timestamp="2024-10-03T12:29:04 IST">
  <testcase classname="com.TestNGDemo.Login_DemoQa_DDF" name="f" time="0.216"/>
  <testcase classname="com.TestNGDemo.Login_DemoQa_DDF" name="f" time="0.157"/>
  <testcase classname="com.TestNGDemo.Login_DemoQa_DDF" name="f" time="0.143"/>
  <testcase classname="com.TestNGDemo.Login_DemoQa_DDF" name="f" time="0.148"/>
  <testcase classname="com.TestNGDemo.Login_DemoQa_DDF" name="f" time="0.845"/>
  <testcase classname="com.TestNGDemo.Login_DemoQa_DDF" name="f" time="0.177"/>
  <testcase classname="com.TestNGDemo.Login_DemoQa_DDF" name="f" time="0.17"/>
  <testcase classname="com.TestNGDemo.Login_DemoQa_DDF" name="f" time="0.165"/>
  <testcase classname="com.TestNGDemo.Login_DemoQa_DDF" name="f" time="0.157"/>
</testsuite> <!-- Default test -->
