<?xml version="1.0" encoding="UTF-8"?>
<testng-results ignored="0" total="1" passed="1" failed="0" skipped="0">
  <reporter-output>
  </reporter-output>
  <suite started-at="2024-10-17T20:22:06 IST" name="Default suite" finished-at="2024-10-17T20:22:15 IST" duration-ms="9057">
    <groups>
    </groups>
    <test started-at="2024-10-17T20:22:06 IST" name="Default test" finished-at="2024-10-17T20:22:15 IST" duration-ms="9057">
      <class name="com.MyTests.RegistrationForm">
        <test-method is-config="true" signature="setUp()[pri:0, instance:com.MyTests.RegistrationForm@3e08ff24]" started-at="2024-10-17T20:22:06 IST" name="setUp" finished-at="2024-10-17T20:22:08 IST" duration-ms="1506" status="PASS">
          <reporter-output>
          </reporter-output>
        </test-method> <!-- setUp -->
        <test-method signature="testRegistrationForm()[pri:0, instance:com.MyTests.RegistrationForm@3e08ff24]" started-at="2024-10-17T20:22:08 IST" name="testRegistrationForm" finished-at="2024-10-17T20:22:15 IST" duration-ms="7353" status="PASS">
          <reporter-output>
          </reporter-output>
        </test-method> <!-- testRegistrationForm -->
        <test-method is-config="true" signature="tearDown()[pri:0, instance:com.MyTests.RegistrationForm@3e08ff24]" started-at="2024-10-17T20:22:15 IST" name="tearDown" finished-at="2024-10-17T20:22:15 IST" duration-ms="160" status="PASS">
          <reporter-output>
          </reporter-output>
        </test-method> <!-- tearDown -->
      </class> <!-- com.MyTests.RegistrationForm -->
    </test> <!-- Default test -->
  </suite> <!-- Default suite -->
</testng-results>
