<?xml version="1.0" encoding="UTF-8"?>
<testng-results ignored="0" total="9" passed="9" failed="0" skipped="0">
  <reporter-output>
  </reporter-output>
  <suite started-at="2024-10-03T12:28:57 IST" name="Default suite" finished-at="2024-10-03T12:29:04 IST" duration-ms="7178">
    <groups>
    </groups>
    <test started-at="2024-10-03T12:28:57 IST" name="Default test" finished-at="2024-10-03T12:29:04 IST" duration-ms="7178">
      <class name="com.TestNGDemo.Login_DemoQa_DDF">
        <test-method is-config="true" signature="beforeTest()[pri:0, instance:com.TestNGDemo.Login_DemoQa_DDF@738dc9b]" started-at="2024-10-03T12:28:57 IST" name="beforeTest" finished-at="2024-10-03T12:29:01 IST" duration-ms="4238" status="PASS">
          <reporter-output>
          </reporter-output>
        </test-method> <!-- beforeTest -->
        <test-method signature="f(java.lang.String,java.lang.String)[pri:0, instance:com.TestNGDemo.Login_DemoQa_DDF@738dc9b]" started-at="2024-10-03T12:29:01 IST" name="f" data-provider="getLoginData" finished-at="2024-10-03T12:29:02 IST" duration-ms="216" status="PASS">
          <params>
            <param index="0">
              <value>
                <![CDATA[Feroz]]>
              </value>
            </param>
            <param index="1">
              <value>
                <![CDATA[Feroz123]]>
              </value>
            </param>
          </params>
          <reporter-output>
          </reporter-output>
        </test-method> <!-- f -->
        <test-method is-config="true" signature="afterMethod()[pri:0, instance:com.TestNGDemo.Login_DemoQa_DDF@738dc9b]" started-at="2024-10-03T12:29:02 IST" name="afterMethod" finished-at="2024-10-03T12:29:02 IST" duration-ms="12" status="PASS">
          <reporter-output>
          </reporter-output>
        </test-method> <!-- afterMethod -->
        <test-method signature="f(java.lang.String,java.lang.String)[pri:0, instance:com.TestNGDemo.Login_DemoQa_DDF@738dc9b]" started-at="2024-10-03T12:29:02 IST" name="f" data-provider="getLoginData" finished-at="2024-10-03T12:29:02 IST" duration-ms="157" status="PASS">
          <params>
            <param index="0">
              <value>
                <![CDATA[john]]>
              </value>
            </param>
            <param index="1">
              <value>
                <![CDATA[john123]]>
              </value>
            </param>
          </params>
          <reporter-output>
          </reporter-output>
        </test-method> <!-- f -->
        <test-method is-config="true" signature="afterMethod()[pri:0, instance:com.TestNGDemo.Login_DemoQa_DDF@738dc9b]" started-at="2024-10-03T12:29:02 IST" name="afterMethod" finished-at="2024-10-03T12:29:02 IST" duration-ms="8" status="PASS">
          <reporter-output>
          </reporter-output>
        </test-method> <!-- afterMethod -->
        <test-method signature="f(java.lang.String,java.lang.String)[pri:0, instance:com.TestNGDemo.Login_DemoQa_DDF@738dc9b]" started-at="2024-10-03T12:29:02 IST" name="f" data-provider="getLoginData" finished-at="2024-10-03T12:29:02 IST" duration-ms="143" status="PASS">
          <params>
            <param index="0">
              <value>
                <![CDATA[ram]]>
              </value>
            </param>
            <param index="1">
              <value>
                <![CDATA[ram123]]>
              </value>
            </param>
          </params>
          <reporter-output>
          </reporter-output>
        </test-method> <!-- f -->
        <test-method is-config="true" signature="afterMethod()[pri:0, instance:com.TestNGDemo.Login_DemoQa_DDF@738dc9b]" started-at="2024-10-03T12:29:02 IST" name="afterMethod" finished-at="2024-10-03T12:29:02 IST" duration-ms="9" status="PASS">
          <reporter-output>
          </reporter-output>
        </test-method> <!-- afterMethod -->
        <test-method signature="f(java.lang.String,java.lang.String)[pri:0, instance:com.TestNGDemo.Login_DemoQa_DDF@738dc9b]" started-at="2024-10-03T12:29:02 IST" name="f" data-provider="getLoginData" finished-at="2024-10-03T12:29:02 IST" duration-ms="148" status="PASS">
          <params>
            <param index="0">
              <value>
                <![CDATA[admin]]>
              </value>
            </param>
            <param index="1">
              <value>
                <![CDATA[admin123]]>
              </value>
            </param>
          </params>
          <reporter-output>
          </reporter-output>
        </test-method> <!-- f -->
        <test-method is-config="true" signature="afterMethod()[pri:0, instance:com.TestNGDemo.Login_DemoQa_DDF@738dc9b]" started-at="2024-10-03T12:29:02 IST" name="afterMethod" finished-at="2024-10-03T12:29:02 IST" duration-ms="7" status="PASS">
          <reporter-output>
          </reporter-output>
        </test-method> <!-- afterMethod -->
        <test-method signature="f(java.lang.String,java.lang.String)[pri:0, instance:com.TestNGDemo.Login_DemoQa_DDF@738dc9b]" started-at="2024-10-03T12:29:02 IST" name="f" data-provider="getLoginData" finished-at="2024-10-03T12:29:03 IST" duration-ms="845" status="PASS">
          <params>
            <param index="0">
              <value>
                <![CDATA[student]]>
              </value>
            </param>
            <param index="1">
              <value>
                <![CDATA[Password123]]>
              </value>
            </param>
          </params>
          <reporter-output>
          </reporter-output>
        </test-method> <!-- f -->
        <test-method is-config="true" signature="afterMethod()[pri:0, instance:com.TestNGDemo.Login_DemoQa_DDF@738dc9b]" started-at="2024-10-03T12:29:03 IST" name="afterMethod" finished-at="2024-10-03T12:29:03 IST" duration-ms="419" status="PASS">
          <reporter-output>
          </reporter-output>
        </test-method> <!-- afterMethod -->
        <test-method signature="f(java.lang.String,java.lang.String)[pri:0, instance:com.TestNGDemo.Login_DemoQa_DDF@738dc9b]" started-at="2024-10-03T12:29:03 IST" name="f" data-provider="getLoginData" finished-at="2024-10-03T12:29:04 IST" duration-ms="177" status="PASS">
          <params>
            <param index="0">
              <value>
                <![CDATA[kiran]]>
              </value>
            </param>
            <param index="1">
              <value>
                <![CDATA[kiran123]]>
              </value>
            </param>
          </params>
          <reporter-output>
          </reporter-output>
        </test-method> <!-- f -->
        <test-method is-config="true" signature="afterMethod()[pri:0, instance:com.TestNGDemo.Login_DemoQa_DDF@738dc9b]" started-at="2024-10-03T12:29:04 IST" name="afterMethod" finished-at="2024-10-03T12:29:04 IST" duration-ms="9" status="PASS">
          <reporter-output>
          </reporter-output>
        </test-method> <!-- afterMethod -->
        <test-method signature="f(java.lang.String,java.lang.String)[pri:0, instance:com.TestNGDemo.Login_DemoQa_DDF@738dc9b]" started-at="2024-10-03T12:29:04 IST" name="f" data-provider="getLoginData" finished-at="2024-10-03T12:29:04 IST" duration-ms="170" status="PASS">
          <params>
            <param index="0">
              <value>
                <![CDATA[ravi]]>
              </value>
            </param>
            <param index="1">
              <value>
                <![CDATA[ravi123]]>
              </value>
            </param>
          </params>
          <reporter-output>
          </reporter-output>
        </test-method> <!-- f -->
        <test-method is-config="true" signature="afterMethod()[pri:0, instance:com.TestNGDemo.Login_DemoQa_DDF@738dc9b]" started-at="2024-10-03T12:29:04 IST" name="afterMethod" finished-at="2024-10-03T12:29:04 IST" duration-ms="6" status="PASS">
          <reporter-output>
          </reporter-output>
        </test-method> <!-- afterMethod -->
        <test-method signature="f(java.lang.String,java.lang.String)[pri:0, instance:com.TestNGDemo.Login_DemoQa_DDF@738dc9b]" started-at="2024-10-03T12:29:04 IST" name="f" data-provider="getLoginData" finished-at="2024-10-03T12:29:04 IST" duration-ms="165" status="PASS">
          <params>
            <param index="0">
              <value>
                <![CDATA[mahes]]>
              </value>
            </param>
            <param index="1">
              <value>
                <![CDATA[mahes13]]>
              </value>
            </param>
          </params>
          <reporter-output>
          </reporter-output>
        </test-method> <!-- f -->
        <test-method is-config="true" signature="afterMethod()[pri:0, instance:com.TestNGDemo.Login_DemoQa_DDF@738dc9b]" started-at="2024-10-03T12:29:04 IST" name="afterMethod" finished-at="2024-10-03T12:29:04 IST" duration-ms="8" status="PASS">
          <reporter-output>
          </reporter-output>
        </test-method> <!-- afterMethod -->
        <test-method signature="f(java.lang.String,java.lang.String)[pri:0, instance:com.TestNGDemo.Login_DemoQa_DDF@738dc9b]" started-at="2024-10-03T12:29:04 IST" name="f" data-provider="getLoginData" finished-at="2024-10-03T12:29:04 IST" duration-ms="157" status="PASS">
          <params>
            <param index="0">
              <value>
                <![CDATA[admin]]>
              </value>
            </param>
            <param index="1">
              <value>
                <![CDATA[admin123]]>
              </value>
            </param>
          </params>
          <reporter-output>
          </reporter-output>
        </test-method> <!-- f -->
        <test-method is-config="true" signature="afterMethod()[pri:0, instance:com.TestNGDemo.Login_DemoQa_DDF@738dc9b]" started-at="2024-10-03T12:29:04 IST" name="afterMethod" finished-at="2024-10-03T12:29:04 IST" duration-ms="8" status="PASS">
          <reporter-output>
          </reporter-output>
        </test-method> <!-- afterMethod -->
        <test-method is-config="true" signature="afterTest()[pri:0, instance:com.TestNGDemo.Login_DemoQa_DDF@738dc9b]" started-at="2024-10-03T12:29:04 IST" name="afterTest" finished-at="2024-10-03T12:29:04 IST" duration-ms="222" status="PASS">
          <reporter-output>
          </reporter-output>
        </test-method> <!-- afterTest -->
      </class> <!-- com.TestNGDemo.Login_DemoQa_DDF -->
    </test> <!-- Default test -->
  </suite> <!-- Default suite -->
</testng-results>
